#
# There is insufficient memory for the Java Runtime Environment to continue.
# Native memory allocation (mmap) failed to map 132120576 bytes for G1 virtual space
# Possible reasons:
#   The system is out of physical RAM or swap space
#   The process is running with CompressedOops enabled, and the Java Heap may be blocking the growth of the native heap
# Possible solutions:
#   Reduce memory load on the system
#   Increase physical memory or swap space
#   Check if swap backing store is full
#   Decrease Java heap size (-Xmx/-Xms)
#   Decrease number of Java threads
#   Decrease Java thread stack sizes (-Xss)
#   Set larger code cache with -XX:ReservedCodeCacheSize=
#   JVM is running with Unscaled Compressed Oops mode in which the Java heap is
#     placed in the first 4GB address space. The Java Heap base address is the
#     maximum limit for the native heap growth. Please use -XX:HeapBaseMinAddress
#     to set the Java Heap base and to place the Java Heap above 4GB virtual address.
# This output file may be truncated or incomplete.
#
#  Out of Memory Error (os_windows.cpp:3600), pid=15228, tid=20672
#
# JRE version:  (21.0.1+12) (build )
# Java VM: Java HotSpot(TM) 64-Bit Server VM (21.0.1+12-LTS-29, mixed mode, sharing, tiered, compressed oops, compressed class ptrs, g1 gc, windows-amd64)
# No core dump will be written. Minidumps are not enabled by default on client versions of Windows
#

---------------  S U M M A R Y ------------

Command Line: -Dfile.encoding=UTF-8 --module-path=C:\Users\toura\Desktop\Academia\Academia\build\classes VIEW.frmTelaLogin

Host: Intel(R) Core(TM) i5-9300H CPU @ 2.40GHz, 8 cores, 7G,  Windows 10 , 64 bit Build 18362 (10.0.18362.1500)
Time: Wed Nov 29 01:45:39 2023 Hora Padrão de Buenos Aires elapsed time: 0.010449 seconds (0d 0h 0m 0s)

---------------  T H R E A D  ---------------

Current thread (0x000001b9d8cac970):  JavaThread "Unknown thread" [_thread_in_vm, id=20672, stack(0x00000041ff900000,0x00000041ffa00000) (1024K)]

Stack: [0x00000041ff900000,0x00000041ffa00000]
Native frames: (J=compiled Java code, j=interpreted, Vv=VM code, C=native code)
V  [jvm.dll+0x6c9029]
V  [jvm.dll+0x854b81]
V  [jvm.dll+0x856e5e]
V  [jvm.dll+0x857543]
V  [jvm.dll+0x280c06]
V  [jvm.dll+0x6c5715]
V  [jvm.dll+0x6ba10a]
V  [jvm.dll+0x3557ea]
V  [jvm.dll+0x35d436]
V  [jvm.dll+0x3ae1be]
V  [jvm.dll+0x3ae468]
V  [jvm.dll+0x3291fc]
V  [jvm.dll+0x329d8b]
V  [jvm.dll+0x81d179]
V  [jvm.dll+0x3bb4f1]
V  [jvm.dll+0x805ae8]
V  [jvm.dll+0x44effe]
V  [jvm.dll+0x450901]
C  [jli.dll+0x52a3]
C  [ucrtbase.dll+0x210b2]
C  [KERNEL32.DLL+0x17c24]
C  [ntdll.dll+0x6d721]


---------------  P R O C E S S  ---------------

Threads class SMR info:
_java_thread_list=0x00007ffa51099b88, length=0, elements={
}

Java Threads: ( => current thread )
Total: 0

Other Threads:
  0x000001b9d8c88ff0 WorkerThread "GC Thread#0"                     [id=8164, stack(0x00000041ffa00000,0x00000041ffb00000) (1024K)]
  0x000001b9daf83870 ConcurrentGCThread "G1 Main Marker"            [id=5816, stack(0x00000041ffb00000,0x00000041ffc00000) (1024K)]
  0x000001b9d8c89ad0 WorkerThread "G1 Conc#0"                       [id=18740, stack(0x00000041ffc00000,0x00000041ffd00000) (1024K)]

[error occurred during error reporting (printing all threads), id 0xc0000005, EXCEPTION_ACCESS_VIOLATION (0xc0000005) at pc=0x00007ffa5080c2c7]
VM state: not at safepoint (not fully initialized)

VM Mutex/Monitor currently owned by a thread:  ([mutex/lock_event])
[0x00007ffa5110a6f8] Heap_lock - owner thread: 0x000001b9d8cac970

Heap address: 0x0000000082600000, size: 2010 MB, Compressed Oops mode: 32-bit

CDS archive(s) mapped at: [0x0000000000000000-0x0000000000000000-0x0000000000000000), size 0, SharedBaseAddress: 0x0000000800000000, ArchiveRelocationMode: 1.
Narrow klass base: 0x0000000000000000, Narrow klass shift: 0, Narrow klass range: 0x0

GC Precious Log:
 CardTable entry size: 512
 Card Set container configuration: InlinePtr #cards 5 size 8 Array Of Cards #cards 12 size 40 Howl #buckets 4 coarsen threshold 1843 Howl Bitmap #cards 512 size 80 coarsen threshold 460 Card regions per heap region 1 cards per card region 2048

Heap:
 garbage-first heap   total 0K, used 0K [0x0000000082600000, 0x0000000100000000)
  region size 1024K, 0 young (0K), 0 survivors (0K)

[error occurred during error reporting (printing heap information), id 0xc0000005, EXCEPTION_ACCESS_VIOLATION (0xc0000005) at pc=0x00007ffa50bf1be9]
GC Heap History (0 events):
No events

Dll operation events (1 events):
Event: 0.006 Loaded shared library D:\Java\jdk-21\bin\java.dll

Deoptimization events (0 events):
No events

Classes loaded (0 events):
No events

Classes unloaded (0 events):
No events

Classes redefined (0 events):
No events

Internal exceptions (0 events):
No events

ZGC Phase Switch (0 events):
No events

VM Operations (0 events):
No events

Events (0 events):
No events


Dynamic libraries:
0x00007ff74d950000 - 0x00007ff74d960000 	D:\Java\jdk-21\bin\java.exe
0x00007ffb259c0000 - 0x00007ffb25bb0000 	C:\Windows\SYSTEM32\ntdll.dll
0x00007ffad3d30000 - 0x00007ffad3d49000 	C:\Program Files\Avast Software\Avast\aswhook.dll
0x00007ffb23a70000 - 0x00007ffb23b22000 	C:\Windows\System32\KERNEL32.DLL
0x00007ffb22cb0000 - 0x00007ffb22f55000 	C:\Windows\System32\KERNELBASE.dll
0x00007ffb22fc0000 - 0x00007ffb230ba000 	C:\Windows\System32\ucrtbase.dll
0x00007ffac8c00000 - 0x00007ffac8c19000 	D:\Java\jdk-21\bin\jli.dll
0x00007ffb081c0000 - 0x00007ffb081db000 	D:\Java\jdk-21\bin\VCRUNTIME140.dll
0x00007ffb24310000 - 0x00007ffb243b3000 	C:\Windows\System32\ADVAPI32.dll
0x00007ffb24460000 - 0x00007ffb244fe000 	C:\Windows\System32\msvcrt.dll
0x00007ffb25710000 - 0x00007ffb257a7000 	C:\Windows\System32\sechost.dll
0x00007ffb25180000 - 0x00007ffb2529f000 	C:\Windows\System32\RPCRT4.dll
0x00007ffb24090000 - 0x00007ffb24224000 	C:\Windows\System32\USER32.dll
0x00007ffb230e0000 - 0x00007ffb23101000 	C:\Windows\System32\win32u.dll
0x00007ffb02ec0000 - 0x00007ffb03144000 	C:\Windows\WinSxS\amd64_microsoft.windows.common-controls_6595b64144ccf1df_6.0.18362.1556_none_9e7e372fe45e41d5\COMCTL32.dll
0x00007ffb243c0000 - 0x00007ffb243e6000 	C:\Windows\System32\GDI32.dll
0x00007ffb23d50000 - 0x00007ffb24086000 	C:\Windows\System32\combase.dll
0x00007ffb22930000 - 0x00007ffb22ac8000 	C:\Windows\System32\gdi32full.dll
0x00007ffb22b80000 - 0x00007ffb22c1e000 	C:\Windows\System32\msvcp_win.dll
0x00007ffb22c20000 - 0x00007ffb22ca1000 	C:\Windows\System32\bcryptPrimitives.dll
0x00007ffb15d40000 - 0x00007ffb15d4a000 	C:\Windows\SYSTEM32\VERSION.dll
0x00007ffb245d0000 - 0x00007ffb245fe000 	C:\Windows\System32\IMM32.DLL
0x00007ffb18ed0000 - 0x00007ffb18edc000 	D:\Java\jdk-21\bin\vcruntime140_1.dll
0x00007ffac93c0000 - 0x00007ffac944e000 	D:\Java\jdk-21\bin\msvcp140.dll
0x00007ffa504d0000 - 0x00007ffa511e5000 	D:\Java\jdk-21\bin\server\jvm.dll
0x00007ffb228a0000 - 0x00007ffb228ea000 	C:\Windows\System32\POWRPROF.dll
0x00007ffb22870000 - 0x00007ffb22880000 	C:\Windows\System32\UMPDC.dll
0x00007ffb24560000 - 0x00007ffb245cf000 	C:\Windows\System32\WS2_32.dll
0x00007ffb19930000 - 0x00007ffb19954000 	C:\Windows\SYSTEM32\WINMM.dll
0x00007ffb19900000 - 0x00007ffb1992d000 	C:\Windows\SYSTEM32\WINMMBASE.dll
0x00007ffb23110000 - 0x00007ffb2315a000 	C:\Windows\System32\cfgmgr32.dll
0x00007ffb22880000 - 0x00007ffb22891000 	C:\Windows\System32\kernel.appcore.dll
0x00007ffb18ec0000 - 0x00007ffb18eca000 	D:\Java\jdk-21\bin\jimage.dll
0x00007ffb20ff0000 - 0x00007ffb211e4000 	C:\Windows\SYSTEM32\DBGHELP.DLL
0x00007ffb11c20000 - 0x00007ffb11c4a000 	C:\Windows\SYSTEM32\dbgcore.DLL
0x00007ffafa920000 - 0x00007ffafa93f000 	D:\Java\jdk-21\bin\java.dll

dbghelp: loaded successfully - version: 4.0.5 - missing functions: none
symbol engine: initialized successfully - sym options: 0x614 - pdb path: .;D:\Java\jdk-21\bin;C:\Windows\SYSTEM32;C:\Program Files\Avast Software\Avast;C:\Windows\WinSxS\amd64_microsoft.windows.common-controls_6595b64144ccf1df_6.0.18362.1556_none_9e7e372fe45e41d5;D:\Java\jdk-21\bin\server

VM Arguments:
jvm_args: -Dfile.encoding=UTF-8 --module-path=C:\Users\toura\Desktop\Academia\Academia\build\classes 
java_command: VIEW.frmTelaLogin
java_class_path (initial): C:\Users\toura\Desktop\Academia\Academia\build\classes
Launcher Type: SUN_STANDARD

[Global flags]
     intx CICompilerCount                          = 4                                         {product} {ergonomic}
     uint ConcGCThreads                            = 2                                         {product} {ergonomic}
     uint G1ConcRefinementThreads                  = 8                                         {product} {ergonomic}
   size_t G1HeapRegionSize                         = 1048576                                   {product} {ergonomic}
    uintx GCDrainStackTargetSize                   = 64                                        {product} {ergonomic}
   size_t InitialHeapSize                          = 132120576                                 {product} {ergonomic}
   size_t MarkStackSize                            = 4194304                                   {product} {ergonomic}
   size_t MaxHeapSize                              = 2107637760                                {product} {ergonomic}
   size_t MinHeapDeltaBytes                        = 1048576                                   {product} {ergonomic}
   size_t MinHeapSize                              = 8388608                                   {product} {ergonomic}
    uintx NonNMethodCodeHeapSize                   = 5839372                                {pd product} {ergonomic}
    uintx NonProfiledCodeHeapSize                  = 122909434                              {pd product} {ergonomic}
    uintx ProfiledCodeHeapSize                     = 122909434                              {pd product} {ergonomic}
    uintx ReservedCodeCacheSize                    = 251658240                              {pd product} {ergonomic}
     bool SegmentedCodeCache                       = true                                      {product} {ergonomic}
   size_t SoftMaxHeapSize                          = 2107637760                             {manageable} {ergonomic}
     bool UseCompressedOops                        = true                           {product lp64_product} {ergonomic}
     bool UseG1GC                                  = true                                      {product} {ergonomic}
     bool UseLargePagesIndividualAllocation        = false                                  {pd product} {ergonomic}

Logging:
Log output configuration:
 #0: stdout all=warning uptime,level,tags foldmultilines=false
 #1: stderr all=off uptime,level,tags foldmultilines=false

Environment Variables:
PATH=C:\Program Files\Common Files\Oracle\Java\javapath;C:\Program Files (x86)\Common Files\Oracle\Java\javapath;C:\Windows\system32;C:\Windows;C:\Windows\System32\Wbem;C:\Windows\System32\WindowsPowerShell\v1.0\;C:\Windows\System32\OpenSSH\;C:\Program Files (x86)\NVIDIA Corporation\PhysX\Common;C:\Program Files\NVIDIA Corporation\NVIDIA NvDLISR;C:\Program Files (x86)\Intel\Intel(R) Management Engine Components\DAL;C:\Program Files\Intel\Intel(R) Management Engine Components\DAL;C:\Program Files\dotnet\;C:\Program Files (x86)\dotnet\;D:\nodejs\;C:\Program Files\Microsoft SQL Server\150\Tools\Binn\;C:\Program Files\Microsoft SQL Server\Client SDK\ODBC\170\Tools\Binn\;C:\Program Files (x86)\Microsoft SQL Server\160\Tools\Binn\;C:\Program Files\Microsoft SQL Server\160\Tools\Binn\;C:\Program Files\Microsoft SQL Server\160\DTS\Binn\;C:\Program Files\Git\cmd;C:\Users\toura\AppData\Local\Microsoft\WindowsApps;C:\Users\toura\.dotnet\tools;C:\Users\toura\AppData\Roaming\npm
USERNAME=toura
OS=Windows_NT
PROCESSOR_IDENTIFIER=Intel64 Family 6 Model 158 Stepping 10, GenuineIntel
TMP=C:\Users\toura\AppData\Local\Temp
TEMP=C:\Users\toura\AppData\Local\Temp




Periodic native trim disabled

---------------  S Y S T E M  ---------------

OS:
 Windows 10 , 64 bit Build 18362 (10.0.18362.1500)
OS uptime: 0 days 0:38 hours

CPU: total 8 (initial active 8) (4 cores per cpu, 2 threads per core) family 6 model 158 stepping 10 microcode 0xde, cx8, cmov, fxsr, ht, mmx, 3dnowpref, sse, sse2, sse3, ssse3, sse4.1, sse4.2, popcnt, lzcnt, tsc, tscinvbit, avx, avx2, aes, erms, clmul, bmi1, bmi2, adx, fma, vzeroupper, clflush, clflushopt, rdtscp, f16c
Processor Information for all 8 processors :
  Max Mhz: 2400, Current Mhz: 2400, Mhz Limit: 2400

Memory: 4k page, system-wide physical 8036M (595M free)
TotalPageFile size 12365M (AvailPageFile size 78M)
current process WorkingSet (physical memory assigned to process): 10M, peak: 10M
current process commit charge ("private bytes"): 60M, peak: 186M

vm_info: Java HotSpot(TM) 64-Bit Server VM (21.0.1+12-LTS-29) for windows-amd64 JRE (21.0.1+12-LTS-29), built on 2023-10-05T13:27:09Z by "mach5one" with MS VC++ 17.1 (VS2022)

END.
