#
# There is insufficient memory for the Java Runtime Environment to continue.
# Native memory allocation (mmap) failed to map 65536 bytes for Failed to commit metaspace.
# Possible reasons:
#   The system is out of physical RAM or swap space
#   The process is running with CompressedOops enabled, and the Java Heap may be blocking the growth of the native heap
# Possible solutions:
#   Reduce memory load on the system
#   Increase physical memory or swap space
#   Check if swap backing store is full
#   Decrease Java heap size (-Xmx/-Xms)
#   Decrease number of Java threads
#   Decrease Java thread stack sizes (-Xss)
#   Set larger code cache with -XX:ReservedCodeCacheSize=
#   JVM is running with Unscaled Compressed Oops mode in which the Java heap is
#     placed in the first 4GB address space. The Java Heap base address is the
#     maximum limit for the native heap growth. Please use -XX:HeapBaseMinAddress
#     to set the Java Heap base and to place the Java Heap above 4GB virtual address.
# This output file may be truncated or incomplete.
#
#  Out of Memory Error (virtualSpaceNode.cpp:112), pid=18460, tid=11600
#
# JRE version: Java(TM) SE Runtime Environment (21.0.1+12) (build 21.0.1+12-LTS-29)
# Java VM: Java HotSpot(TM) 64-Bit Server VM (21.0.1+12-LTS-29, mixed mode, tiered, compressed oops, compressed class ptrs, g1 gc, windows-amd64)
# No core dump will be written. Minidumps are not enabled by default on client versions of Windows
#

---------------  S U M M A R Y ------------

Command Line: -Dfile.encoding=UTF-8 --module-path=C:\Users\toura\Desktop\Academia\Academia\build\classes VIEW.frmTelaLogin

Host: Intel(R) Core(TM) i5-9300H CPU @ 2.40GHz, 8 cores, 7G,  Windows 10 , 64 bit Build 18362 (10.0.18362.1500)
Time: Wed Nov 29 01:49:29 2023 Hora Padrão de Buenos Aires elapsed time: 1.785686 seconds (0d 0h 0m 1s)

---------------  T H R E A D  ---------------

Current thread (0x0000015c3e5bdb80):  JavaThread "AWT-EventQueue-0"        [_thread_in_vm, id=11600, stack(0x000000426fc00000,0x000000426fd00000) (1024K)]

Stack: [0x000000426fc00000,0x000000426fd00000]
Native frames: (J=compiled Java code, j=interpreted, Vv=VM code, C=native code)
V  [jvm.dll+0x6c9029]
V  [jvm.dll+0x854b81]
V  [jvm.dll+0x856e5e]
V  [jvm.dll+0x857543]
V  [jvm.dll+0x280c06]
V  [jvm.dll+0x8508ae]
V  [jvm.dll+0x66ca45]
V  [jvm.dll+0x66caaa]
V  [jvm.dll+0x66f2a6]
V  [jvm.dll+0x66f172]
V  [jvm.dll+0x66d41e]
V  [jvm.dll+0x26b2df]
V  [jvm.dll+0x677615]
V  [jvm.dll+0x217a53]
V  [jvm.dll+0x217f95]
V  [jvm.dll+0x2189b1]
V  [jvm.dll+0x20dc4e]
V  [jvm.dll+0x5ac6dc]
V  [jvm.dll+0x21f67a]
V  [jvm.dll+0x7ccde1]
V  [jvm.dll+0x7cde45]
V  [jvm.dll+0x7ce3ef]
V  [jvm.dll+0x7ce098]
V  [jvm.dll+0x26ebdb]
V  [jvm.dll+0x3d3cf6]
C  0x0000015c2ccfa8c7

The last pc belongs to anewarray (printed below).
Java frames: (J=compiled Java code, j=interpreted, Vv=VM code)
j  sun.java2d.SunGraphicsEnvironment.getScreenDevices()[Ljava/awt/GraphicsDevice;+15 java.desktop@21.0.1
j  sun.awt.Win32GraphicsEnvironment.getDefaultScreenDevice()Ljava/awt/GraphicsDevice;+1 java.desktop@21.0.1
j  java.awt.Window.initGC(Ljava/awt/GraphicsConfiguration;)Ljava/awt/GraphicsConfiguration;+10 java.desktop@21.0.1
j  java.awt.Window.init(Ljava/awt/GraphicsConfiguration;)V+45 java.desktop@21.0.1
j  java.awt.Window.<init>()V+114 java.desktop@21.0.1
j  java.awt.Frame.<init>(Ljava/lang/String;)V+1 java.desktop@21.0.1
j  java.awt.Frame.<init>()V+3 java.desktop@21.0.1
j  javax.swing.JFrame.<init>()V+1 java.desktop@21.0.1
j  VIEW.frmTelaLogin.<init>()V+1
j  VIEW.frmTelaLogin$4.run()V+4
j  java.awt.event.InvocationEvent.dispatch()V+47 java.desktop@21.0.1
j  java.awt.EventQueue.dispatchEventImpl(Ljava/awt/AWTEvent;Ljava/lang/Object;)V+21 java.desktop@21.0.1
j  java.awt.EventQueue$4.run()Ljava/lang/Void;+32 java.desktop@21.0.1
j  java.awt.EventQueue$4.run()Ljava/lang/Object;+1 java.desktop@21.0.1
j  java.security.AccessController.executePrivileged(Ljava/security/PrivilegedAction;Ljava/security/AccessControlContext;Ljava/lang/Class;)Ljava/lang/Object;+29 java.base@21.0.1
j  java.security.AccessController.doPrivileged(Ljava/security/PrivilegedAction;Ljava/security/AccessControlContext;)Ljava/lang/Object;+13 java.base@21.0.1
j  java.security.ProtectionDomain$JavaSecurityAccessImpl.doIntersectionPrivilege(Ljava/security/PrivilegedAction;Ljava/security/AccessControlContext;Ljava/security/AccessControlContext;)Ljava/lang/Object;+18 java.base@21.0.1
j  java.awt.EventQueue.dispatchEvent(Ljava/awt/AWTEvent;)V+46 java.desktop@21.0.1
j  java.awt.EventDispatchThread.pumpOneEventForFilters(I)V+81 java.desktop@21.0.1
j  java.awt.EventDispatchThread.pumpEventsForFilter(ILjava/awt/Conditional;Ljava/awt/EventFilter;)V+35 java.desktop@21.0.1
j  java.awt.EventDispatchThread.pumpEventsForHierarchy(ILjava/awt/Conditional;Ljava/awt/Component;)V+11 java.desktop@21.0.1
j  java.awt.EventDispatchThread.pumpEvents(ILjava/awt/Conditional;)V+4 java.desktop@21.0.1
j  java.awt.EventDispatchThread.pumpEvents(Ljava/awt/Conditional;)V+3 java.desktop@21.0.1
j  java.awt.EventDispatchThread.run()V+9 java.desktop@21.0.1
v  ~StubRoutines::call_stub 0x0000015c2cce100d
anewarray  189 anewarray  [0x0000015c2ccfa860, 0x0000015c2ccfa950]  240 bytes
[MachCode]
  0x0000015c2ccfa860: 8b04 2448 | 83c4 0845 | 0fb7 4501 | 410f c841 | c1e8 1048 | 8b55 e848 | 8b52 0848 | 8b52 08e8 
  0x0000015c2ccfa880: 0500 0000 | e9ab 0000 | 004c 8bc8 | 488d 4424 | 084c 896d | c049 8bcf | c5f8 7749 | 89af a803 
  0x0000015c2ccfa8a0: 0000 4989 | 8798 0300 | 0048 83ec | 2040 f6c4 | 0f0f 8419 | 0000 0048 | 83ec 0848 | b8a0 3c8a 
  0x0000015c2ccfa8c0: 50fa 7f00 | 00ff d048 | 83c4 08e9 | 0c00 0000 | 48b8 a03c | 8a50 fa7f | 0000 ffd0 | 4883 c420 
  0x0000015c2ccfa8e0: 49c7 8798 | 0300 0000 | 0000 0049 | c787 a803 | 0000 0000 | 0000 49c7 | 87a0 0300 | 0000 0000 
  0x0000015c2ccfa900: 00c5 f877 | 4983 7f08 | 000f 8405 | 0000 00e9 | ec65 feff | 498b 87f0 | 0300 0049 | c787 f003 
  0x0000015c2ccfa920: 0000 0000 | 0000 4c8b | 6dc0 4c8b | 75c8 4e8d | 74f5 00c3 | 410f b65d | 0349 83c5 | 0349 ba80 
  0x0000015c2ccfa940: df11 51fa | 7f00 0041 | ff24 da0f | 1f44 0000 
[/MachCode]

---------------  P R O C E S S  ---------------

Threads class SMR info:
_java_thread_list=0x0000015c3e594880, length=15, elements={
0x0000015c3e02e300, 0x0000015c3e06e630, 0x0000015c3e07f4a0, 0x0000015c3e05a580,
0x0000015c3e05d1a0, 0x0000015c3e05ddb0, 0x0000015c3e087f10, 0x0000015c3e08cc20,
0x0000015c39c2a580, 0x0000015c3e357bc0, 0x0000015c3e3fafe0, 0x0000015c3e54a060,
0x0000015c3e54aef0, 0x0000015c3e5bdb80, 0x0000015c1b129710
}

Java Threads: ( => current thread )
  0x0000015c3e02e300 JavaThread "Reference Handler"          daemon [_thread_blocked, id=18492, stack(0x000000426ef00000,0x000000426f000000) (1024K)]
  0x0000015c3e06e630 JavaThread "Finalizer"                  daemon [_thread_blocked, id=5620, stack(0x000000426f000000,0x000000426f100000) (1024K)]
  0x0000015c3e07f4a0 JavaThread "Signal Dispatcher"          daemon [_thread_blocked, id=19524, stack(0x000000426f100000,0x000000426f200000) (1024K)]
  0x0000015c3e05a580 JavaThread "Attach Listener"            daemon [_thread_blocked, id=12400, stack(0x000000426f200000,0x000000426f300000) (1024K)]
  0x0000015c3e05d1a0 JavaThread "Service Thread"             daemon [_thread_blocked, id=20524, stack(0x000000426f300000,0x000000426f400000) (1024K)]
  0x0000015c3e05ddb0 JavaThread "Monitor Deflation Thread"   daemon [_thread_blocked, id=8576, stack(0x000000426f400000,0x000000426f500000) (1024K)]
  0x0000015c3e087f10 JavaThread "C2 CompilerThread0"         daemon [_thread_blocked, id=8632, stack(0x000000426f500000,0x000000426f600000) (1024K)]
  0x0000015c3e08cc20 JavaThread "C1 CompilerThread0"         daemon [_thread_in_vm, id=17776, stack(0x000000426f600000,0x000000426f700000) (1024K)]
  0x0000015c39c2a580 JavaThread "Common-Cleaner"             daemon [_thread_blocked, id=6132, stack(0x000000426f700000,0x000000426f800000) (1024K)]
  0x0000015c3e357bc0 JavaThread "Notification Thread"        daemon [_thread_blocked, id=1804, stack(0x000000426f800000,0x000000426f900000) (1024K)]
  0x0000015c3e3fafe0 JavaThread "Java2D Disposer"            daemon [_thread_blocked, id=3680, stack(0x000000426f900000,0x000000426fa00000) (1024K)]
  0x0000015c3e54a060 JavaThread "AWT-Shutdown"                      [_thread_blocked, id=19656, stack(0x000000426fa00000,0x000000426fb00000) (1024K)]
  0x0000015c3e54aef0 JavaThread "AWT-Windows"                daemon [_thread_in_native, id=20288, stack(0x000000426fb00000,0x000000426fc00000) (1024K)]
=>0x0000015c3e5bdb80 JavaThread "AWT-EventQueue-0"                  [_thread_in_vm, id=11600, stack(0x000000426fc00000,0x000000426fd00000) (1024K)]
  0x0000015c1b129710 JavaThread "DestroyJavaVM"                     [_thread_blocked, id=5128, stack(0x000000426e700000,0x000000426e800000) (1024K)]
Total: 15

Other Threads:
  0x0000015c39caa0a0 VMThread "VM Thread"                           [id=19784, stack(0x000000426ee00000,0x000000426ef00000) (1024K)]
  0x0000015c39c29130 WatcherThread "VM Periodic Task Thread"        [id=19072, stack(0x000000426ed00000,0x000000426ee00000) (1024K)]
  0x0000015c1d3b0020 WorkerThread "GC Thread#0"                     [id=20476, stack(0x000000426e800000,0x000000426e900000) (1024K)]
  0x0000015c1d3c1350 ConcurrentGCThread "G1 Main Marker"            [id=12564, stack(0x000000426e900000,0x000000426ea00000) (1024K)]
  0x0000015c1d3c3010 WorkerThread "G1 Conc#0"                       [id=20800, stack(0x000000426ea00000,0x000000426eb00000) (1024K)]
  0x0000015c39af8500 ConcurrentGCThread "G1 Refine#0"               [id=3304, stack(0x000000426eb00000,0x000000426ec00000) (1024K)]
  0x0000015c39af8f80 ConcurrentGCThread "G1 Service"                [id=2832, stack(0x000000426ec00000,0x000000426ed00000) (1024K)]
Total: 7

Threads with active compile tasks:
C1 CompilerThread0     1863  586       3       java.lang.invoke.LambdaFormEditor::getInCache (165 bytes)
Total: 1

VM state: not at safepoint (normal execution)

VM Mutex/Monitor currently owned by a thread:  ([mutex/lock_event])
[0x00007ffa51108578] Metaspace_lock - owner thread: 0x0000015c3e5bdb80

Heap address: 0x0000000082600000, size: 2010 MB, Compressed Oops mode: 32-bit

CDS archive(s) not mapped
Compressed class space mapped at: 0x0000000100000000-0x0000000140000000, reserved size: 1073741824
Narrow klass base: 0x0000000000000000, Narrow klass shift: 3, Narrow klass range: 0x140000000

GC Precious Log:
 CardTable entry size: 512
 Card Set container configuration: InlinePtr #cards 5 size 8 Array Of Cards #cards 12 size 40 Howl #buckets 4 coarsen threshold 1843 Howl Bitmap #cards 512 size 80 coarsen threshold 460 Card regions per heap region 1 cards per card region 2048
 CPUs: 8 total, 8 available
 Memory: 8036M
 Large Page Support: Disabled
 NUMA Support: Disabled
 Compressed Oops: Enabled (32-bit)
 Heap Region Size: 1M
 Heap Min Capacity: 8M
 Heap Initial Capacity: 126M
 Heap Max Capacity: 2010M
 Pre-touch: Disabled
 Parallel Workers: 8
 Concurrent Workers: 2
 Concurrent Refinement Workers: 8
 Periodic GC: Disabled

Heap:
 garbage-first heap   total 129024K, used 6144K [0x0000000082600000, 0x0000000100000000)
  region size 1024K, 7 young (7168K), 0 survivors (0K)
 Metaspace       used 13246K, committed 13504K, reserved 1114112K
  class space    used 1314K, committed 1472K, reserved 1048576K

Heap Regions: E=young(eden), S=young(survivor), O=old, HS=humongous(starts), HC=humongous(continues), CS=collection set, F=free, TAMS=top-at-mark-start, PB=parsable bottom
|   0|0x0000000082600000, 0x0000000082600000, 0x0000000082700000|  0%| F|  |TAMS 0x0000000082600000| PB 0x0000000082600000| Untracked 
|   1|0x0000000082700000, 0x0000000082700000, 0x0000000082800000|  0%| F|  |TAMS 0x0000000082700000| PB 0x0000000082700000| Untracked 
|   2|0x0000000082800000, 0x0000000082800000, 0x0000000082900000|  0%| F|  |TAMS 0x0000000082800000| PB 0x0000000082800000| Untracked 
|   3|0x0000000082900000, 0x0000000082900000, 0x0000000082a00000|  0%| F|  |TAMS 0x0000000082900000| PB 0x0000000082900000| Untracked 
|   4|0x0000000082a00000, 0x0000000082a00000, 0x0000000082b00000|  0%| F|  |TAMS 0x0000000082a00000| PB 0x0000000082a00000| Untracked 
|   5|0x0000000082b00000, 0x0000000082b00000, 0x0000000082c00000|  0%| F|  |TAMS 0x0000000082b00000| PB 0x0000000082b00000| Untracked 
|   6|0x0000000082c00000, 0x0000000082c00000, 0x0000000082d00000|  0%| F|  |TAMS 0x0000000082c00000| PB 0x0000000082c00000| Untracked 
|   7|0x0000000082d00000, 0x0000000082d00000, 0x0000000082e00000|  0%| F|  |TAMS 0x0000000082d00000| PB 0x0000000082d00000| Untracked 
|   8|0x0000000082e00000, 0x0000000082e00000, 0x0000000082f00000|  0%| F|  |TAMS 0x0000000082e00000| PB 0x0000000082e00000| Untracked 
|   9|0x0000000082f00000, 0x0000000082f00000, 0x0000000083000000|  0%| F|  |TAMS 0x0000000082f00000| PB 0x0000000082f00000| Untracked 
|  10|0x0000000083000000, 0x0000000083000000, 0x0000000083100000|  0%| F|  |TAMS 0x0000000083000000| PB 0x0000000083000000| Untracked 
|  11|0x0000000083100000, 0x0000000083100000, 0x0000000083200000|  0%| F|  |TAMS 0x0000000083100000| PB 0x0000000083100000| Untracked 
|  12|0x0000000083200000, 0x0000000083200000, 0x0000000083300000|  0%| F|  |TAMS 0x0000000083200000| PB 0x0000000083200000| Untracked 
|  13|0x0000000083300000, 0x0000000083300000, 0x0000000083400000|  0%| F|  |TAMS 0x0000000083300000| PB 0x0000000083300000| Untracked 
|  14|0x0000000083400000, 0x0000000083400000, 0x0000000083500000|  0%| F|  |TAMS 0x0000000083400000| PB 0x0000000083400000| Untracked 
|  15|0x0000000083500000, 0x0000000083500000, 0x0000000083600000|  0%| F|  |TAMS 0x0000000083500000| PB 0x0000000083500000| Untracked 
|  16|0x0000000083600000, 0x0000000083600000, 0x0000000083700000|  0%| F|  |TAMS 0x0000000083600000| PB 0x0000000083600000| Untracked 
|  17|0x0000000083700000, 0x0000000083700000, 0x0000000083800000|  0%| F|  |TAMS 0x0000000083700000| PB 0x0000000083700000| Untracked 
|  18|0x0000000083800000, 0x0000000083800000, 0x0000000083900000|  0%| F|  |TAMS 0x0000000083800000| PB 0x0000000083800000| Untracked 
|  19|0x0000000083900000, 0x0000000083900000, 0x0000000083a00000|  0%| F|  |TAMS 0x0000000083900000| PB 0x0000000083900000| Untracked 
|  20|0x0000000083a00000, 0x0000000083a00000, 0x0000000083b00000|  0%| F|  |TAMS 0x0000000083a00000| PB 0x0000000083a00000| Untracked 
|  21|0x0000000083b00000, 0x0000000083b00000, 0x0000000083c00000|  0%| F|  |TAMS 0x0000000083b00000| PB 0x0000000083b00000| Untracked 
|  22|0x0000000083c00000, 0x0000000083c00000, 0x0000000083d00000|  0%| F|  |TAMS 0x0000000083c00000| PB 0x0000000083c00000| Untracked 
|  23|0x0000000083d00000, 0x0000000083d00000, 0x0000000083e00000|  0%| F|  |TAMS 0x0000000083d00000| PB 0x0000000083d00000| Untracked 
|  24|0x0000000083e00000, 0x0000000083e00000, 0x0000000083f00000|  0%| F|  |TAMS 0x0000000083e00000| PB 0x0000000083e00000| Untracked 
|  25|0x0000000083f00000, 0x0000000083f00000, 0x0000000084000000|  0%| F|  |TAMS 0x0000000083f00000| PB 0x0000000083f00000| Untracked 
|  26|0x0000000084000000, 0x0000000084000000, 0x0000000084100000|  0%| F|  |TAMS 0x0000000084000000| PB 0x0000000084000000| Untracked 
|  27|0x0000000084100000, 0x0000000084100000, 0x0000000084200000|  0%| F|  |TAMS 0x0000000084100000| PB 0x0000000084100000| Untracked 
|  28|0x0000000084200000, 0x0000000084200000, 0x0000000084300000|  0%| F|  |TAMS 0x0000000084200000| PB 0x0000000084200000| Untracked 
|  29|0x0000000084300000, 0x0000000084300000, 0x0000000084400000|  0%| F|  |TAMS 0x0000000084300000| PB 0x0000000084300000| Untracked 
|  30|0x0000000084400000, 0x0000000084400000, 0x0000000084500000|  0%| F|  |TAMS 0x0000000084400000| PB 0x0000000084400000| Untracked 
|  31|0x0000000084500000, 0x0000000084500000, 0x0000000084600000|  0%| F|  |TAMS 0x0000000084500000| PB 0x0000000084500000| Untracked 
|  32|0x0000000084600000, 0x0000000084600000, 0x0000000084700000|  0%| F|  |TAMS 0x0000000084600000| PB 0x0000000084600000| Untracked 
|  33|0x0000000084700000, 0x0000000084700000, 0x0000000084800000|  0%| F|  |TAMS 0x0000000084700000| PB 0x0000000084700000| Untracked 
|  34|0x0000000084800000, 0x0000000084800000, 0x0000000084900000|  0%| F|  |TAMS 0x0000000084800000| PB 0x0000000084800000| Untracked 
|  35|0x0000000084900000, 0x0000000084900000, 0x0000000084a00000|  0%| F|  |TAMS 0x0000000084900000| PB 0x0000000084900000| Untracked 
|  36|0x0000000084a00000, 0x0000000084a00000, 0x0000000084b00000|  0%| F|  |TAMS 0x0000000084a00000| PB 0x0000000084a00000| Untracked 
|  37|0x0000000084b00000, 0x0000000084b00000, 0x0000000084c00000|  0%| F|  |TAMS 0x0000000084b00000| PB 0x0000000084b00000| Untracked 
|  38|0x0000000084c00000, 0x0000000084c00000, 0x0000000084d00000|  0%| F|  |TAMS 0x0000000084c00000| PB 0x0000000084c00000| Untracked 
|  39|0x0000000084d00000, 0x0000000084d00000, 0x0000000084e00000|  0%| F|  |TAMS 0x0000000084d00000| PB 0x0000000084d00000| Untracked 
|  40|0x0000000084e00000, 0x0000000084e00000, 0x0000000084f00000|  0%| F|  |TAMS 0x0000000084e00000| PB 0x0000000084e00000| Untracked 
|  41|0x0000000084f00000, 0x0000000084f00000, 0x0000000085000000|  0%| F|  |TAMS 0x0000000084f00000| PB 0x0000000084f00000| Untracked 
|  42|0x0000000085000000, 0x0000000085000000, 0x0000000085100000|  0%| F|  |TAMS 0x0000000085000000| PB 0x0000000085000000| Untracked 
|  43|0x0000000085100000, 0x0000000085100000, 0x0000000085200000|  0%| F|  |TAMS 0x0000000085100000| PB 0x0000000085100000| Untracked 
|  44|0x0000000085200000, 0x0000000085200000, 0x0000000085300000|  0%| F|  |TAMS 0x0000000085200000| PB 0x0000000085200000| Untracked 
|  45|0x0000000085300000, 0x0000000085300000, 0x0000000085400000|  0%| F|  |TAMS 0x0000000085300000| PB 0x0000000085300000| Untracked 
|  46|0x0000000085400000, 0x0000000085400000, 0x0000000085500000|  0%| F|  |TAMS 0x0000000085400000| PB 0x0000000085400000| Untracked 
|  47|0x0000000085500000, 0x0000000085500000, 0x0000000085600000|  0%| F|  |TAMS 0x0000000085500000| PB 0x0000000085500000| Untracked 
|  48|0x0000000085600000, 0x0000000085600000, 0x0000000085700000|  0%| F|  |TAMS 0x0000000085600000| PB 0x0000000085600000| Untracked 
|  49|0x0000000085700000, 0x0000000085700000, 0x0000000085800000|  0%| F|  |TAMS 0x0000000085700000| PB 0x0000000085700000| Untracked 
|  50|0x0000000085800000, 0x0000000085800000, 0x0000000085900000|  0%| F|  |TAMS 0x0000000085800000| PB 0x0000000085800000| Untracked 
|  51|0x0000000085900000, 0x0000000085900000, 0x0000000085a00000|  0%| F|  |TAMS 0x0000000085900000| PB 0x0000000085900000| Untracked 
|  52|0x0000000085a00000, 0x0000000085a00000, 0x0000000085b00000|  0%| F|  |TAMS 0x0000000085a00000| PB 0x0000000085a00000| Untracked 
|  53|0x0000000085b00000, 0x0000000085b00000, 0x0000000085c00000|  0%| F|  |TAMS 0x0000000085b00000| PB 0x0000000085b00000| Untracked 
|  54|0x0000000085c00000, 0x0000000085c00000, 0x0000000085d00000|  0%| F|  |TAMS 0x0000000085c00000| PB 0x0000000085c00000| Untracked 
|  55|0x0000000085d00000, 0x0000000085d00000, 0x0000000085e00000|  0%| F|  |TAMS 0x0000000085d00000| PB 0x0000000085d00000| Untracked 
|  56|0x0000000085e00000, 0x0000000085e00000, 0x0000000085f00000|  0%| F|  |TAMS 0x0000000085e00000| PB 0x0000000085e00000| Untracked 
|  57|0x0000000085f00000, 0x0000000085f00000, 0x0000000086000000|  0%| F|  |TAMS 0x0000000085f00000| PB 0x0000000085f00000| Untracked 
|  58|0x0000000086000000, 0x0000000086000000, 0x0000000086100000|  0%| F|  |TAMS 0x0000000086000000| PB 0x0000000086000000| Untracked 
|  59|0x0000000086100000, 0x0000000086100000, 0x0000000086200000|  0%| F|  |TAMS 0x0000000086100000| PB 0x0000000086100000| Untracked 
|  60|0x0000000086200000, 0x0000000086200000, 0x0000000086300000|  0%| F|  |TAMS 0x0000000086200000| PB 0x0000000086200000| Untracked 
|  61|0x0000000086300000, 0x0000000086300000, 0x0000000086400000|  0%| F|  |TAMS 0x0000000086300000| PB 0x0000000086300000| Untracked 
|  62|0x0000000086400000, 0x0000000086400000, 0x0000000086500000|  0%| F|  |TAMS 0x0000000086400000| PB 0x0000000086400000| Untracked 
|  63|0x0000000086500000, 0x0000000086500000, 0x0000000086600000|  0%| F|  |TAMS 0x0000000086500000| PB 0x0000000086500000| Untracked 
|  64|0x0000000086600000, 0x0000000086600000, 0x0000000086700000|  0%| F|  |TAMS 0x0000000086600000| PB 0x0000000086600000| Untracked 
|  65|0x0000000086700000, 0x0000000086700000, 0x0000000086800000|  0%| F|  |TAMS 0x0000000086700000| PB 0x0000000086700000| Untracked 
|  66|0x0000000086800000, 0x0000000086800000, 0x0000000086900000|  0%| F|  |TAMS 0x0000000086800000| PB 0x0000000086800000| Untracked 
|  67|0x0000000086900000, 0x0000000086900000, 0x0000000086a00000|  0%| F|  |TAMS 0x0000000086900000| PB 0x0000000086900000| Untracked 
|  68|0x0000000086a00000, 0x0000000086a00000, 0x0000000086b00000|  0%| F|  |TAMS 0x0000000086a00000| PB 0x0000000086a00000| Untracked 
|  69|0x0000000086b00000, 0x0000000086b00000, 0x0000000086c00000|  0%| F|  |TAMS 0x0000000086b00000| PB 0x0000000086b00000| Untracked 
|  70|0x0000000086c00000, 0x0000000086c00000, 0x0000000086d00000|  0%| F|  |TAMS 0x0000000086c00000| PB 0x0000000086c00000| Untracked 
|  71|0x0000000086d00000, 0x0000000086d00000, 0x0000000086e00000|  0%| F|  |TAMS 0x0000000086d00000| PB 0x0000000086d00000| Untracked 
|  72|0x0000000086e00000, 0x0000000086e00000, 0x0000000086f00000|  0%| F|  |TAMS 0x0000000086e00000| PB 0x0000000086e00000| Untracked 
|  73|0x0000000086f00000, 0x0000000086f00000, 0x0000000087000000|  0%| F|  |TAMS 0x0000000086f00000| PB 0x0000000086f00000| Untracked 
|  74|0x0000000087000000, 0x0000000087000000, 0x0000000087100000|  0%| F|  |TAMS 0x0000000087000000| PB 0x0000000087000000| Untracked 
|  75|0x0000000087100000, 0x0000000087100000, 0x0000000087200000|  0%| F|  |TAMS 0x0000000087100000| PB 0x0000000087100000| Untracked 
|  76|0x0000000087200000, 0x0000000087200000, 0x0000000087300000|  0%| F|  |TAMS 0x0000000087200000| PB 0x0000000087200000| Untracked 
|  77|0x0000000087300000, 0x0000000087300000, 0x0000000087400000|  0%| F|  |TAMS 0x0000000087300000| PB 0x0000000087300000| Untracked 
|  78|0x0000000087400000, 0x0000000087400000, 0x0000000087500000|  0%| F|  |TAMS 0x0000000087400000| PB 0x0000000087400000| Untracked 
|  79|0x0000000087500000, 0x0000000087500000, 0x0000000087600000|  0%| F|  |TAMS 0x0000000087500000| PB 0x0000000087500000| Untracked 
|  80|0x0000000087600000, 0x0000000087600000, 0x0000000087700000|  0%| F|  |TAMS 0x0000000087600000| PB 0x0000000087600000| Untracked 
|  81|0x0000000087700000, 0x0000000087700000, 0x0000000087800000|  0%| F|  |TAMS 0x0000000087700000| PB 0x0000000087700000| Untracked 
|  82|0x0000000087800000, 0x0000000087800000, 0x0000000087900000|  0%| F|  |TAMS 0x0000000087800000| PB 0x0000000087800000| Untracked 
|  83|0x0000000087900000, 0x0000000087900000, 0x0000000087a00000|  0%| F|  |TAMS 0x0000000087900000| PB 0x0000000087900000| Untracked 
|  84|0x0000000087a00000, 0x0000000087a00000, 0x0000000087b00000|  0%| F|  |TAMS 0x0000000087a00000| PB 0x0000000087a00000| Untracked 
|  85|0x0000000087b00000, 0x0000000087b00000, 0x0000000087c00000|  0%| F|  |TAMS 0x0000000087b00000| PB 0x0000000087b00000| Untracked 
|  86|0x0000000087c00000, 0x0000000087c00000, 0x0000000087d00000|  0%| F|  |TAMS 0x0000000087c00000| PB 0x0000000087c00000| Untracked 
|  87|0x0000000087d00000, 0x0000000087d00000, 0x0000000087e00000|  0%| F|  |TAMS 0x0000000087d00000| PB 0x0000000087d00000| Untracked 
|  88|0x0000000087e00000, 0x0000000087e00000, 0x0000000087f00000|  0%| F|  |TAMS 0x0000000087e00000| PB 0x0000000087e00000| Untracked 
|  89|0x0000000087f00000, 0x0000000087f00000, 0x0000000088000000|  0%| F|  |TAMS 0x0000000087f00000| PB 0x0000000087f00000| Untracked 
|  90|0x0000000088000000, 0x0000000088000000, 0x0000000088100000|  0%| F|  |TAMS 0x0000000088000000| PB 0x0000000088000000| Untracked 
|  91|0x0000000088100000, 0x0000000088100000, 0x0000000088200000|  0%| F|  |TAMS 0x0000000088100000| PB 0x0000000088100000| Untracked 
|  92|0x0000000088200000, 0x0000000088200000, 0x0000000088300000|  0%| F|  |TAMS 0x0000000088200000| PB 0x0000000088200000| Untracked 
|  93|0x0000000088300000, 0x0000000088300000, 0x0000000088400000|  0%| F|  |TAMS 0x0000000088300000| PB 0x0000000088300000| Untracked 
|  94|0x0000000088400000, 0x0000000088400000, 0x0000000088500000|  0%| F|  |TAMS 0x0000000088400000| PB 0x0000000088400000| Untracked 
|  95|0x0000000088500000, 0x0000000088500000, 0x0000000088600000|  0%| F|  |TAMS 0x0000000088500000| PB 0x0000000088500000| Untracked 
|  96|0x0000000088600000, 0x0000000088600000, 0x0000000088700000|  0%| F|  |TAMS 0x0000000088600000| PB 0x0000000088600000| Untracked 
|  97|0x0000000088700000, 0x0000000088700000, 0x0000000088800000|  0%| F|  |TAMS 0x0000000088700000| PB 0x0000000088700000| Untracked 
|  98|0x0000000088800000, 0x0000000088800000, 0x0000000088900000|  0%| F|  |TAMS 0x0000000088800000| PB 0x0000000088800000| Untracked 
|  99|0x0000000088900000, 0x0000000088900000, 0x0000000088a00000|  0%| F|  |TAMS 0x0000000088900000| PB 0x0000000088900000| Untracked 
| 100|0x0000000088a00000, 0x0000000088a00000, 0x0000000088b00000|  0%| F|  |TAMS 0x0000000088a00000| PB 0x0000000088a00000| Untracked 
| 101|0x0000000088b00000, 0x0000000088b00000, 0x0000000088c00000|  0%| F|  |TAMS 0x0000000088b00000| PB 0x0000000088b00000| Untracked 
| 102|0x0000000088c00000, 0x0000000088c00000, 0x0000000088d00000|  0%| F|  |TAMS 0x0000000088c00000| PB 0x0000000088c00000| Untracked 
| 103|0x0000000088d00000, 0x0000000088d00000, 0x0000000088e00000|  0%| F|  |TAMS 0x0000000088d00000| PB 0x0000000088d00000| Untracked 
| 104|0x0000000088e00000, 0x0000000088e00000, 0x0000000088f00000|  0%| F|  |TAMS 0x0000000088e00000| PB 0x0000000088e00000| Untracked 
| 105|0x0000000088f00000, 0x0000000088f00000, 0x0000000089000000|  0%| F|  |TAMS 0x0000000088f00000| PB 0x0000000088f00000| Untracked 
| 106|0x0000000089000000, 0x0000000089000000, 0x0000000089100000|  0%| F|  |TAMS 0x0000000089000000| PB 0x0000000089000000| Untracked 
| 107|0x0000000089100000, 0x0000000089100000, 0x0000000089200000|  0%| F|  |TAMS 0x0000000089100000| PB 0x0000000089100000| Untracked 
| 108|0x0000000089200000, 0x0000000089200000, 0x0000000089300000|  0%| F|  |TAMS 0x0000000089200000| PB 0x0000000089200000| Untracked 
| 109|0x0000000089300000, 0x0000000089300000, 0x0000000089400000|  0%| F|  |TAMS 0x0000000089300000| PB 0x0000000089300000| Untracked 
| 110|0x0000000089400000, 0x0000000089400000, 0x0000000089500000|  0%| F|  |TAMS 0x0000000089400000| PB 0x0000000089400000| Untracked 
| 111|0x0000000089500000, 0x0000000089500000, 0x0000000089600000|  0%| F|  |TAMS 0x0000000089500000| PB 0x0000000089500000| Untracked 
| 112|0x0000000089600000, 0x0000000089600000, 0x0000000089700000|  0%| F|  |TAMS 0x0000000089600000| PB 0x0000000089600000| Untracked 
| 113|0x0000000089700000, 0x0000000089700000, 0x0000000089800000|  0%| F|  |TAMS 0x0000000089700000| PB 0x0000000089700000| Untracked 
| 114|0x0000000089800000, 0x0000000089800000, 0x0000000089900000|  0%| F|  |TAMS 0x0000000089800000| PB 0x0000000089800000| Untracked 
| 115|0x0000000089900000, 0x0000000089900000, 0x0000000089a00000|  0%| F|  |TAMS 0x0000000089900000| PB 0x0000000089900000| Untracked 
| 116|0x0000000089a00000, 0x0000000089a00000, 0x0000000089b00000|  0%| F|  |TAMS 0x0000000089a00000| PB 0x0000000089a00000| Untracked 
| 117|0x0000000089b00000, 0x0000000089b00000, 0x0000000089c00000|  0%| F|  |TAMS 0x0000000089b00000| PB 0x0000000089b00000| Untracked 
| 118|0x0000000089c00000, 0x0000000089c00000, 0x0000000089d00000|  0%| F|  |TAMS 0x0000000089c00000| PB 0x0000000089c00000| Untracked 
| 119|0x0000000089d00000, 0x0000000089e00000, 0x0000000089e00000|100%| E|  |TAMS 0x0000000089d00000| PB 0x0000000089d00000| Complete 
| 120|0x0000000089e00000, 0x0000000089f00000, 0x0000000089f00000|100%| E|CS|TAMS 0x0000000089e00000| PB 0x0000000089e00000| Complete 
| 121|0x0000000089f00000, 0x000000008a000000, 0x000000008a000000|100%| E|CS|TAMS 0x0000000089f00000| PB 0x0000000089f00000| Complete 
| 122|0x000000008a000000, 0x000000008a100000, 0x000000008a100000|100%| E|CS|TAMS 0x000000008a000000| PB 0x000000008a000000| Complete 
| 123|0x000000008a100000, 0x000000008a200000, 0x000000008a200000|100%| E|CS|TAMS 0x000000008a100000| PB 0x000000008a100000| Complete 
| 124|0x000000008a200000, 0x000000008a300000, 0x000000008a300000|100%| E|CS|TAMS 0x000000008a200000| PB 0x000000008a200000| Complete 
| 125|0x000000008a300000, 0x000000008a400000, 0x000000008a400000|100%| E|CS|TAMS 0x000000008a300000| PB 0x000000008a300000| Complete 

Card table byte_map: [0x0000015c34ee0000,0x0000015c352d0000] _byte_map_base: 0x0000015c34acd000

Marking Bits: (CMBitMap*) 0x0000015c1d3b0f30
 Bits: [0x0000015c352d0000, 0x0000015c37238000)

Polling page: 0x0000015c1cb20000

Metaspace:

Usage:
  Non-class:     11.65 MB used.
      Class:      1.28 MB used.
       Both:     12.94 MB used.

Virtual space:
  Non-class space:       64.00 MB reserved,      11.75 MB ( 18%) committed,  1 nodes.
      Class space:        1.00 GB reserved,       1.44 MB ( <1%) committed,  1 nodes.
             Both:        1.06 GB reserved,      13.19 MB (  1%) committed. 

Chunk freelists:
   Non-Class:  4.24 MB
       Class:  14.62 MB
        Both:  18.86 MB

MaxMetaspaceSize: unlimited
CompressedClassSpaceSize: 1.00 GB
Initial GC threshold: 21.00 MB
Current GC threshold: 21.00 MB
CDS: off
 - commit_granule_bytes: 65536.
 - commit_granule_words: 8192.
 - virtual_space_node_default_size: 8388608.
 - enlarge_chunks_in_place: 1.
 - use_allocation_guard: 0.


Internal statistics:

num_allocs_failed_limit: 0.
num_arena_births: 110.
num_arena_deaths: 0.
num_vsnodes_births: 2.
num_vsnodes_deaths: 0.
num_space_committed: 211.
num_space_uncommitted: 0.
num_chunks_returned_to_freelist: 0.
num_chunks_taken_from_freelist: 162.
num_chunk_merges: 0.
num_chunk_splits: 90.
num_chunks_enlarged: 40.
num_inconsistent_stats: 0.

CodeHeap 'non-profiled nmethods': size=120000Kb used=170Kb max_used=170Kb free=119829Kb
 bounds [0x0000015c2d280000, 0x0000015c2d4f0000, 0x0000015c347b0000]
CodeHeap 'profiled nmethods': size=120000Kb used=843Kb max_used=843Kb free=119156Kb
 bounds [0x0000015c257b0000, 0x0000015c25a20000, 0x0000015c2cce0000]
CodeHeap 'non-nmethods': size=5760Kb used=1437Kb max_used=1450Kb free=4322Kb
 bounds [0x0000015c2cce0000, 0x0000015c2cf50000, 0x0000015c2d280000]
 total_blobs=1109 nmethods=582 adapters=432
 compilation: enabled
              stopped_count=0, restarted_count=0
 full_count=0

Compilation events (20 events):
Event: 1.777 Thread 0x0000015c3e08cc20  573       3       java.lang.StringConcatHelper::initialCoder (14 bytes)
Event: 1.777 Thread 0x0000015c3e08cc20 nmethod 573 0x0000015c25879510 code [0x0000015c258796a0, 0x0000015c258797b8]
Event: 1.777 Thread 0x0000015c3e08cc20  574       3       java.lang.StringConcatHelper::simpleConcat (94 bytes)
Event: 1.777 Thread 0x0000015c3e087f10 nmethod 572 0x0000015c2d2a9e10 code [0x0000015c2d2a9fa0, 0x0000015c2d2aa028]
Event: 1.778 Thread 0x0000015c3e08cc20 nmethod 574 0x0000015c25879810 code [0x0000015c25879b60, 0x0000015c2587ae90]
Event: 1.778 Thread 0x0000015c3e08cc20  571       3       java.lang.invoke.Invokers$Holder::linkToTargetMethod (9 bytes)
Event: 1.778 Thread 0x0000015c3e08cc20 nmethod 571 0x0000015c2587b590 code [0x0000015c2587b760, 0x0000015c2587bae8]
Event: 1.778 Thread 0x0000015c3e08cc20  575       1       java.awt.Color::getRGB (5 bytes)
Event: 1.778 Thread 0x0000015c3e08cc20 nmethod 575 0x0000015c2d2aa110 code [0x0000015c2d2aa2a0, 0x0000015c2d2aa368]
Event: 1.778 Thread 0x0000015c3e08cc20  576       3       java.util.LinkedList$ListItr::hasNext (20 bytes)
Event: 1.778 Thread 0x0000015c3e08cc20 nmethod 576 0x0000015c2587bc10 code [0x0000015c2587bdc0, 0x0000015c2587bf38]
Event: 1.778 Thread 0x0000015c3e08cc20  570       3       java.lang.invoke.LambdaFormEditor$TransformKey::packedBytes (30 bytes)
Event: 1.778 Thread 0x0000015c3e08cc20 nmethod 570 0x0000015c2587c010 code [0x0000015c2587c1a0, 0x0000015c2587c2a8]
Event: 1.779 Thread 0x0000015c3e08cc20  577       3       jdk.internal.misc.VM::isBooted (13 bytes)
Event: 1.779 Thread 0x0000015c3e08cc20 nmethod 577 0x0000015c2587c310 code [0x0000015c2587c4a0, 0x0000015c2587c5f8]
Event: 1.782 Thread 0x0000015c3e08cc20  578       3       java.lang.invoke.MethodHandleNatives::refKindHasReceiver (33 bytes)
Event: 1.782 Thread 0x0000015c3e08cc20 nmethod 578 0x0000015c2587c690 code [0x0000015c2587c820, 0x0000015c2587c980]
Event: 1.783 Thread 0x0000015c3e08cc20  579       3       sun.invoke.util.BytecodeDescriptor::unparse (24 bytes)
Event: 1.783 Thread 0x0000015c3e08cc20 nmethod 579 0x0000015c2587ca10 code [0x0000015c2587cbe0, 0x0000015c2587cdf0]
Event: 1.783 Thread 0x0000015c3e08cc20  580       3       java.lang.invoke.TypeConvertingMethodAdapter::convertType (299 bytes)

GC Heap History (0 events):
No events

Dll operation events (8 events):
Event: 0.007 Loaded shared library D:\Java\jdk-21\bin\java.dll
Event: 0.460 Loaded shared library D:\Java\jdk-21\bin\jsvml.dll
Event: 0.749 Loaded shared library D:\Java\jdk-21\bin\net.dll
Event: 0.771 Loaded shared library D:\Java\jdk-21\bin\nio.dll
Event: 0.851 Loaded shared library D:\Java\jdk-21\bin\jimage.dll
Event: 0.992 Loaded shared library D:\Java\jdk-21\bin\awt.dll
Event: 1.536 Loaded shared library D:\Java\jdk-21\bin\freetype.dll
Event: 1.555 Loaded shared library D:\Java\jdk-21\bin\fontmanager.dll

Deoptimization events (4 events):
Event: 1.352 Thread 0x0000015c1b129710 Uncommon trap: trap_request=0xffffff45 fr.pc=0x0000015c2d29001c relative=0x0000000000000bbc
Event: 1.352 Thread 0x0000015c1b129710 Uncommon trap: reason=unstable_if action=reinterpret pc=0x0000015c2d29001c method=java.util.HashMap.putVal(ILjava/lang/Object;Ljava/lang/Object;ZZ)Ljava/lang/Object; @ 81 c2
Event: 1.352 Thread 0x0000015c1b129710 DEOPT PACKING pc=0x0000015c2d29001c sp=0x000000426e7fe800
Event: 1.352 Thread 0x0000015c1b129710 DEOPT UNPACKING pc=0x0000015c2cd346a2 sp=0x000000426e7fe7b0 mode 2

Classes loaded (20 events):
Event: 1.782 Loading class java/awt/event/InputMethodEvent done
Event: 1.782 Loading class java/awt/event/ActionEvent
Event: 1.782 Loading class java/awt/event/ActionEvent done
Event: 1.782 Loading class java/awt/ComponentOrientation
Event: 1.782 Loading class java/awt/ComponentOrientation done
Event: 1.782 Loading class java/awt/Component$3
Event: 1.782 Loading class java/awt/Component$3 done
Event: 1.782 Loading class java/awt/event/MouseEvent
Event: 1.782 Loading class java/awt/event/MouseEvent done
Event: 1.782 Loading class java/util/StringJoiner
Event: 1.783 Loading class java/util/StringJoiner done
Event: 1.784 Loading class java/awt/Cursor
Event: 1.784 Loading class java/awt/Cursor done
Event: 1.784 Loading class java/awt/Point
Event: 1.784 Loading class java/awt/Point done
Event: 1.784 Loading class java/awt/Cursor$1
Event: 1.784 Loading class sun/awt/AWTAccessor$CursorAccessor
Event: 1.784 Loading class sun/awt/AWTAccessor$CursorAccessor done
Event: 1.784 Loading class java/awt/Cursor$1 done
Event: 1.784 Loading class java/awt/GraphicsDevice

Classes unloaded (0 events):
No events

Classes redefined (0 events):
No events

Internal exceptions (20 events):
Event: 1.728 Thread 0x0000015c1b129710 Exception <a 'java/lang/ClassNotFoundException'{0x0000000089eb6088}: FormattedTextField> (0x0000000089eb6088) 
thrown [s\open\src\hotspot\share\classfile\systemDictionary.cpp, line 312]
Event: 1.728 Thread 0x0000015c1b129710 Exception <a 'java/lang/ClassNotFoundException'{0x0000000089eb64e0}: PasswordField> (0x0000000089eb64e0) 
thrown [s\open\src\hotspot\share\classfile\systemDictionary.cpp, line 312]
Event: 1.737 Thread 0x0000015c1b129710 Exception <a 'java/lang/ClassNotFoundException'{0x0000000089eb6a28}: TextArea> (0x0000000089eb6a28) 
thrown [s\open\src\hotspot\share\classfile\systemDictionary.cpp, line 312]
Event: 1.739 Thread 0x0000015c1b129710 Exception <a 'java/lang/ClassNotFoundException'{0x0000000089eb7348}: TextPane> (0x0000000089eb7348) 
thrown [s\open\src\hotspot\share\classfile\systemDictionary.cpp, line 312]
Event: 1.739 Thread 0x0000015c1b129710 Exception <a 'java/lang/ClassNotFoundException'{0x0000000089eb77b0}: EditorPane> (0x0000000089eb77b0) 
thrown [s\open\src\hotspot\share\classfile\systemDictionary.cpp, line 312]
Event: 1.740 Thread 0x0000015c1b129710 Exception <a 'java/lang/ClassNotFoundException'{0x0000000089eb8100}: ToolBar> (0x0000000089eb8100) 
thrown [s\open\src\hotspot\share\classfile\systemDictionary.cpp, line 312]
Event: 1.740 Thread 0x0000015c1b129710 Exception <a 'java/lang/ClassNotFoundException'{0x0000000089eb85f8}: ToolBar> (0x0000000089eb85f8) 
thrown [s\open\src\hotspot\share\classfile\systemDictionary.cpp, line 312]
Event: 1.740 Thread 0x0000015c1b129710 Exception <a 'java/lang/ClassNotFoundException'{0x0000000089eb8958}: Button> (0x0000000089eb8958) 
thrown [s\open\src\hotspot\share\classfile\systemDictionary.cpp, line 312]
Event: 1.740 Thread 0x0000015c1b129710 Exception <a 'java/lang/ClassNotFoundException'{0x0000000089eb8e20}: ToolBar> (0x0000000089eb8e20) 
thrown [s\open\src\hotspot\share\classfile\systemDictionary.cpp, line 312]
Event: 1.740 Thread 0x0000015c1b129710 Exception <a 'java/lang/ClassNotFoundException'{0x0000000089eb9190}: ToggleButton> (0x0000000089eb9190) 
thrown [s\open\src\hotspot\share\classfile\systemDictionary.cpp, line 312]
Event: 1.740 Thread 0x0000015c1b129710 Exception <a 'java/lang/ClassNotFoundException'{0x0000000089eb95d0}: javax/swing/JToolBarSeparator> (0x0000000089eb95d0) 
thrown [s\open\src\hotspot\share\classfile\systemDictionary.cpp, line 312]
Event: 1.740 Thread 0x0000015c1b129710 Exception <a 'java/lang/ClassNotFoundException'{0x0000000089eb98e0}: ToolBarSeparator> (0x0000000089eb98e0) 
thrown [s\open\src\hotspot\share\classfile\systemDictionary.cpp, line 312]
Event: 1.740 Thread 0x0000015c1b129710 Exception <a 'java/lang/ClassNotFoundException'{0x0000000089eb9de8}: ToolTip> (0x0000000089eb9de8) 
thrown [s\open\src\hotspot\share\classfile\systemDictionary.cpp, line 312]
Event: 1.741 Thread 0x0000015c1b129710 Exception <a 'java/lang/ClassNotFoundException'{0x0000000089eba728}: Tree> (0x0000000089eba728) 
thrown [s\open\src\hotspot\share\classfile\systemDictionary.cpp, line 312]
Event: 1.741 Thread 0x0000015c1b129710 Exception <a 'java/lang/ClassNotFoundException'{0x0000000089ebac20}: Tree> (0x0000000089ebac20) 
thrown [s\open\src\hotspot\share\classfile\systemDictionary.cpp, line 312]
Event: 1.741 Thread 0x0000015c1b129710 Exception <a 'java/lang/ClassNotFoundException'{0x0000000089ebaf90}: javax/swing/JTreeCell> (0x0000000089ebaf90) 
thrown [s\open\src\hotspot\share\classfile\systemDictionary.cpp, line 312]
Event: 1.742 Thread 0x0000015c1b129710 Exception <a 'java/lang/ClassNotFoundException'{0x0000000089ebb298}: TreeCell> (0x0000000089ebb298) 
thrown [s\open\src\hotspot\share\classfile\systemDictionary.cpp, line 312]
Event: 1.742 Thread 0x0000015c1b129710 Exception <a 'java/lang/ClassNotFoundException'{0x0000000089ebba40}: RootPane> (0x0000000089ebba40) 
thrown [s\open\src\hotspot\share\classfile\systemDictionary.cpp, line 312]
Event: 1.752 Thread 0x0000015c1b129710 Exception <a 'java/lang/ClassNotFoundException'{0x0000000089ebe7d0}: com/sun/swing/internal/plaf/metal/resources/spi/metalProvider> (0x0000000089ebe7d0) 
thrown [s\open\src\hotspot\share\classfile\systemDictionary.cpp, line 312]
Event: 1.757 Thread 0x0000015c1b129710 Exception <a 'java/lang/ClassNotFoundException'{0x0000000089ec2480}: com/sun/swing/internal/plaf/basic/resources/spi/basicProvider> (0x0000000089ec2480) 
thrown [s\open\src\hotspot\share\classfile\systemDictionary.cpp, line 312]

ZGC Phase Switch (0 events):
No events

VM Operations (4 events):
Event: 0.825 Executing VM operation: HandshakeAllThreads (Deoptimize)
Event: 0.825 Executing VM operation: HandshakeAllThreads (Deoptimize) done
Event: 1.136 Executing VM operation: HandshakeAllThreads (Deoptimize)
Event: 1.136 Executing VM operation: HandshakeAllThreads (Deoptimize) done

Events (17 events):
Event: 0.020 Thread 0x0000015c1b129710 Thread added: 0x0000015c1b129710
Event: 0.418 Thread 0x0000015c3e02e300 Thread added: 0x0000015c3e02e300
Event: 0.418 Thread 0x0000015c3e06e630 Thread added: 0x0000015c3e06e630
Event: 0.421 Thread 0x0000015c3e07f4a0 Thread added: 0x0000015c3e07f4a0
Event: 0.421 Thread 0x0000015c3e05a580 Thread added: 0x0000015c3e05a580
Event: 0.421 Thread 0x0000015c3e05d1a0 Thread added: 0x0000015c3e05d1a0
Event: 0.421 Thread 0x0000015c3e05ddb0 Thread added: 0x0000015c3e05ddb0
Event: 0.421 Thread 0x0000015c3e087f10 Thread added: 0x0000015c3e087f10
Event: 0.421 Thread 0x0000015c3e08cc20 Thread added: 0x0000015c3e08cc20
Event: 0.700 Thread 0x0000015c39c2a580 Thread added: 0x0000015c39c2a580
Event: 0.835 Thread 0x0000015c3e357bc0 Thread added: 0x0000015c3e357bc0
Event: 1.307 Thread 0x0000015c3e3fafe0 Thread added: 0x0000015c3e3fafe0
Event: 1.308 Thread 0x0000015c3e54a060 Thread added: 0x0000015c3e54a060
Event: 1.309 Thread 0x0000015c3e54aef0 Thread added: 0x0000015c3e54aef0
Event: 1.779 Thread 0x0000015c3e5bdb80 Thread added: 0x0000015c3e5bdb80
Event: 1.780 Thread 0x0000015c1b129710 Thread exited: 0x0000015c1b129710
Event: 1.780 Thread 0x0000015c1b129710 Thread added: 0x0000015c1b129710


Dynamic libraries:
0x00007ff6db4d0000 - 0x00007ff6db4e0000 	D:\Java\jdk-21\bin\java.exe
0x00007ffb259c0000 - 0x00007ffb25bb0000 	C:\Windows\SYSTEM32\ntdll.dll
0x00007ffad3d30000 - 0x00007ffad3d49000 	C:\Program Files\Avast Software\Avast\aswhook.dll
0x00007ffb23a70000 - 0x00007ffb23b22000 	C:\Windows\System32\KERNEL32.DLL
0x00007ffb22cb0000 - 0x00007ffb22f55000 	C:\Windows\System32\KERNELBASE.dll
0x00007ffb22fc0000 - 0x00007ffb230ba000 	C:\Windows\System32\ucrtbase.dll
0x00007ffb01d10000 - 0x00007ffb01d29000 	D:\Java\jdk-21\bin\jli.dll
0x00007ffb081c0000 - 0x00007ffb081db000 	D:\Java\jdk-21\bin\VCRUNTIME140.dll
0x00007ffb24310000 - 0x00007ffb243b3000 	C:\Windows\System32\ADVAPI32.dll
0x00007ffb24460000 - 0x00007ffb244fe000 	C:\Windows\System32\msvcrt.dll
0x00007ffb25710000 - 0x00007ffb257a7000 	C:\Windows\System32\sechost.dll
0x00007ffb25180000 - 0x00007ffb2529f000 	C:\Windows\System32\RPCRT4.dll
0x00007ffb24090000 - 0x00007ffb24224000 	C:\Windows\System32\USER32.dll
0x00007ffb230e0000 - 0x00007ffb23101000 	C:\Windows\System32\win32u.dll
0x00007ffb243c0000 - 0x00007ffb243e6000 	C:\Windows\System32\GDI32.dll
0x00007ffb02ec0000 - 0x00007ffb03144000 	C:\Windows\WinSxS\amd64_microsoft.windows.common-controls_6595b64144ccf1df_6.0.18362.1556_none_9e7e372fe45e41d5\COMCTL32.dll
0x00007ffb22930000 - 0x00007ffb22ac8000 	C:\Windows\System32\gdi32full.dll
0x00007ffb23d50000 - 0x00007ffb24086000 	C:\Windows\System32\combase.dll
0x00007ffb22b80000 - 0x00007ffb22c1e000 	C:\Windows\System32\msvcp_win.dll
0x00007ffb22c20000 - 0x00007ffb22ca1000 	C:\Windows\System32\bcryptPrimitives.dll
0x00007ffb15d40000 - 0x00007ffb15d4a000 	C:\Windows\SYSTEM32\VERSION.dll
0x00007ffb245d0000 - 0x00007ffb245fe000 	C:\Windows\System32\IMM32.DLL
0x00007ffb18ed0000 - 0x00007ffb18edc000 	D:\Java\jdk-21\bin\vcruntime140_1.dll
0x00007ffac93c0000 - 0x00007ffac944e000 	D:\Java\jdk-21\bin\msvcp140.dll
0x00007ffa504d0000 - 0x00007ffa511e5000 	D:\Java\jdk-21\bin\server\jvm.dll
0x00007ffb228a0000 - 0x00007ffb228ea000 	C:\Windows\System32\POWRPROF.dll
0x00007ffb22870000 - 0x00007ffb22880000 	C:\Windows\System32\UMPDC.dll
0x00007ffb24560000 - 0x00007ffb245cf000 	C:\Windows\System32\WS2_32.dll
0x00007ffb19930000 - 0x00007ffb19954000 	C:\Windows\SYSTEM32\WINMM.dll
0x00007ffb19900000 - 0x00007ffb1992d000 	C:\Windows\SYSTEM32\WINMMBASE.dll
0x00007ffb23110000 - 0x00007ffb2315a000 	C:\Windows\System32\cfgmgr32.dll
0x00007ffb22880000 - 0x00007ffb22891000 	C:\Windows\System32\kernel.appcore.dll
0x00007ffb18ec0000 - 0x00007ffb18eca000 	D:\Java\jdk-21\bin\jimage.dll
0x00007ffb20ff0000 - 0x00007ffb211e4000 	C:\Windows\SYSTEM32\DBGHELP.DLL
0x00007ffb11c20000 - 0x00007ffb11c4a000 	C:\Windows\SYSTEM32\dbgcore.DLL
0x00007ffafa920000 - 0x00007ffafa93f000 	D:\Java\jdk-21\bin\java.dll
0x00007ffb248f0000 - 0x00007ffb24fd7000 	C:\Windows\System32\SHELL32.dll
0x00007ffb250d0000 - 0x00007ffb25178000 	C:\Windows\System32\shcore.dll
0x00007ffb23160000 - 0x00007ffb238db000 	C:\Windows\System32\windows.storage.dll
0x00007ffb228f0000 - 0x00007ffb2290e000 	C:\Windows\System32\profapi.dll
0x00007ffb24500000 - 0x00007ffb24552000 	C:\Windows\System32\shlwapi.dll
0x00007ffb230c0000 - 0x00007ffb230d7000 	C:\Windows\System32\cryptsp.dll
0x0000015c39dd0000 - 0x0000015c39ea7000 	D:\Java\jdk-21\bin\jsvml.dll
0x00007ffb18680000 - 0x00007ffb18690000 	D:\Java\jdk-21\bin\net.dll
0x00007ffb19bb0000 - 0x00007ffb19caa000 	C:\Windows\SYSTEM32\WINHTTP.dll
0x00007ffb220b0000 - 0x00007ffb22117000 	C:\Windows\system32\mswsock.dll
0x00007ffae6340000 - 0x00007ffae6356000 	D:\Java\jdk-21\bin\nio.dll
0x00007ffae5660000 - 0x00007ffae57ef000 	D:\Java\jdk-21\bin\awt.dll
0x00007ffb24fe0000 - 0x00007ffb250a5000 	C:\Windows\System32\OLEAUT32.dll
0x00007ffb1c370000 - 0x00007ffb1c3ff000 	C:\Windows\SYSTEM32\apphelp.dll
0x00007ffb1c4c0000 - 0x00007ffb1c559000 	C:\Windows\system32\uxtheme.dll
0x00007ffb247b0000 - 0x00007ffb248e5000 	C:\Windows\System32\MSCTF.dll
0x00007ffb25820000 - 0x00007ffb25977000 	C:\Windows\System32\ole32.dll
0x00007ffb20b30000 - 0x00007ffb20b5d000 	C:\Windows\system32\DWMAPI.DLL
0x00007ffa8b770000 - 0x00007ffa8b7f7000 	D:\Java\jdk-21\bin\freetype.dll
0x00007ffa8b690000 - 0x00007ffa8b763000 	D:\Java\jdk-21\bin\fontmanager.dll

dbghelp: loaded successfully - version: 4.0.5 - missing functions: none
symbol engine: initialized successfully - sym options: 0x614 - pdb path: .;D:\Java\jdk-21\bin;C:\Windows\SYSTEM32;C:\Program Files\Avast Software\Avast;C:\Windows\WinSxS\amd64_microsoft.windows.common-controls_6595b64144ccf1df_6.0.18362.1556_none_9e7e372fe45e41d5;D:\Java\jdk-21\bin\server

VM Arguments:
jvm_args: -Dfile.encoding=UTF-8 --module-path=C:\Users\toura\Desktop\Academia\Academia\build\classes 
java_command: VIEW.frmTelaLogin
java_class_path (initial): C:\Users\toura\Desktop\Academia\Academia\build\classes
Launcher Type: SUN_STANDARD

[Global flags]
     intx CICompilerCount                          = 4                                         {product} {ergonomic}
     uint ConcGCThreads                            = 2                                         {product} {ergonomic}
     uint G1ConcRefinementThreads                  = 8                                         {product} {ergonomic}
   size_t G1HeapRegionSize                         = 1048576                                   {product} {ergonomic}
    uintx GCDrainStackTargetSize                   = 64                                        {product} {ergonomic}
   size_t InitialHeapSize                          = 132120576                                 {product} {ergonomic}
   size_t MarkStackSize                            = 4194304                                   {product} {ergonomic}
   size_t MaxHeapSize                              = 2107637760                                {product} {ergonomic}
   size_t MaxNewSize                               = 1264582656                                {product} {ergonomic}
   size_t MinHeapDeltaBytes                        = 1048576                                   {product} {ergonomic}
   size_t MinHeapSize                              = 8388608                                   {product} {ergonomic}
    uintx NonNMethodCodeHeapSize                   = 5839372                                {pd product} {ergonomic}
    uintx NonProfiledCodeHeapSize                  = 122909434                              {pd product} {ergonomic}
    uintx ProfiledCodeHeapSize                     = 122909434                              {pd product} {ergonomic}
    uintx ReservedCodeCacheSize                    = 251658240                              {pd product} {ergonomic}
     bool SegmentedCodeCache                       = true                                      {product} {ergonomic}
   size_t SoftMaxHeapSize                          = 2107637760                             {manageable} {ergonomic}
     bool UseCompressedOops                        = true                           {product lp64_product} {ergonomic}
     bool UseG1GC                                  = true                                      {product} {ergonomic}
     bool UseLargePagesIndividualAllocation        = false                                  {pd product} {ergonomic}

Logging:
Log output configuration:
 #0: stdout all=warning uptime,level,tags foldmultilines=false
 #1: stderr all=off uptime,level,tags foldmultilines=false

Environment Variables:
PATH=C:\Program Files\Common Files\Oracle\Java\javapath;C:\Program Files (x86)\Common Files\Oracle\Java\javapath;C:\Windows\system32;C:\Windows;C:\Windows\System32\Wbem;C:\Windows\System32\WindowsPowerShell\v1.0\;C:\Windows\System32\OpenSSH\;C:\Program Files (x86)\NVIDIA Corporation\PhysX\Common;C:\Program Files\NVIDIA Corporation\NVIDIA NvDLISR;C:\Program Files (x86)\Intel\Intel(R) Management Engine Components\DAL;C:\Program Files\Intel\Intel(R) Management Engine Components\DAL;C:\Program Files\dotnet\;C:\Program Files (x86)\dotnet\;D:\nodejs\;C:\Program Files\Microsoft SQL Server\150\Tools\Binn\;C:\Program Files\Microsoft SQL Server\Client SDK\ODBC\170\Tools\Binn\;C:\Program Files (x86)\Microsoft SQL Server\160\Tools\Binn\;C:\Program Files\Microsoft SQL Server\160\Tools\Binn\;C:\Program Files\Microsoft SQL Server\160\DTS\Binn\;C:\Program Files\Git\cmd;C:\Users\toura\AppData\Local\Microsoft\WindowsApps;C:\Users\toura\.dotnet\tools;C:\Users\toura\AppData\Roaming\npm
USERNAME=toura
OS=Windows_NT
PROCESSOR_IDENTIFIER=Intel64 Family 6 Model 158 Stepping 10, GenuineIntel
TMP=C:\Users\toura\AppData\Local\Temp
TEMP=C:\Users\toura\AppData\Local\Temp




Periodic native trim disabled

---------------  S Y S T E M  ---------------

OS:
 Windows 10 , 64 bit Build 18362 (10.0.18362.1500)
OS uptime: 0 days 0:42 hours

CPU: total 8 (initial active 8) (4 cores per cpu, 2 threads per core) family 6 model 158 stepping 10 microcode 0xde, cx8, cmov, fxsr, ht, mmx, 3dnowpref, sse, sse2, sse3, ssse3, sse4.1, sse4.2, popcnt, lzcnt, tsc, tscinvbit, avx, avx2, aes, erms, clmul, bmi1, bmi2, adx, fma, vzeroupper, clflush, clflushopt, rdtscp, f16c
Processor Information for all 8 processors :
  Max Mhz: 2400, Current Mhz: 2400, Mhz Limit: 2400

Memory: 4k page, system-wide physical 8036M (721M free)
TotalPageFile size 12365M (AvailPageFile size 0M)
current process WorkingSet (physical memory assigned to process): 48M, peak: 48M
current process commit charge ("private bytes"): 213M, peak: 213M

vm_info: Java HotSpot(TM) 64-Bit Server VM (21.0.1+12-LTS-29) for windows-amd64 JRE (21.0.1+12-LTS-29), built on 2023-10-05T13:27:09Z by "mach5one" with MS VC++ 17.1 (VS2022)

END.
